{"level":"info","message":"Loading Mongoose functionality"}
{"level":"info","message":"Mongoose connected to the database"}
{"level":"info","message":"Get todo %s"}
{"level":"info","message":"Loading Mongoose functionality"}
{"level":"info","message":"Mongoose connected to the database"}
{"level":"info","message":"Get todo %s"}
{"level":"info","message":"Loading Mongoose functionality"}
{"level":"info","message":"Mongoose connected to the database"}
{"level":"info","message":"Get todo %s"}
{"level":"info","message":"Delete todo 5dfbccae68d4823c1ddcdf0e"}
{"level":"info","message":"Get todo %s"}
{"level":"info","message":"Delete todo 5dfbd19e77a0953d08f4a410"}
{"level":"info","message":"Loading Mongoose functionality"}
{"level":"info","message":"Mongoose connected to the database"}
{"level":"info","message":"Get todo %s"}
{"level":"info","message":"Delete todo 5dfbd1af77a0953d08f4a411"}
{"level":"info","message":"Get todo %s"}
{"level":"info","message":"Loading Mongoose functionality"}
{"level":"info","message":"Mongoose connected to the database"}
{"level":"info","message":"Get todo %s"}
{"level":"info","message":"Create Todo"}
{"level":"info","message":"Get todo %s"}
{"level":"info","message":"Get todo %s"}
{"level":"info","message":"Loading Mongoose functionality"}
{"level":"info","message":"Mongoose connected to the database"}
{"level":"info","message":"Get todo %s"}
{"level":"info","message":"Create Todo"}
{"level":"info","message":"Get todo %s"}
{"level":"info","message":"Get todo %s"}
{"level":"info","message":"Loading Mongoose functionality"}
{"level":"info","message":"Mongoose connected to the database"}
{"level":"info","message":"Get todo %s"}
{"level":"info","message":"Loading Mongoose functionality"}
{"level":"info","message":"Mongoose connected to the database"}
{"level":"info","message":"Loading Mongoose functionality"}
{"level":"info","message":"Mongoose connected to the database"}
{"level":"info","message":"Loading Mongoose functionality"}
{"level":"info","message":"Mongoose connected to the database"}
{"level":"info","message":"Loading Mongoose functionality"}
{"level":"info","message":"Mongoose connected to the database"}
{"level":"info","message":"Get todo %s"}
{"level":"info","message":"Loading Mongoose functionality"}
{"level":"info","message":"Mongoose connected to the database"}
{"level":"info","message":"Get todo %s"}
{"level":"info","message":"Loading Mongoose functionality"}
{"level":"info","message":"Mongoose connected to the database"}
{"level":"info","message":"Loading Mongoose functionality"}
{"level":"info","message":"Mongoose connected to the database"}
{"level":"info","message":"Loading Mongoose functionality"}
{"level":"info","message":"Mongoose connected to the database"}
{"level":"info","message":"Get todo %s"}
{"level":"info","message":"Loading Mongoose functionality"}
{"level":"info","message":"Mongoose connected to the database"}
{"level":"info","message":"Get todo %s"}
{"level":"info","message":"Loading Mongoose functionality"}
{"level":"info","message":"Mongoose connected to the database"}
{"level":"info","message":"Loading Mongoose functionality"}
{"level":"info","message":"Mongoose connected to the database"}
{"level":"info","message":"Loading Mongoose functionality"}
{"level":"info","message":"Mongoose connected to the database"}
{"level":"info","message":"Get todo %s"}
{"level":"info","message":"Loading Mongoose functionality"}
{"level":"info","message":"Mongoose connected to the database"}
{"level":"info","message":"Get todo %s"}
{"level":"info","message":"Get todo %s"}
{"level":"info","message":"Get todo %s"}
{"level":"info","message":"Get todo %s"}
{"level":"info","message":"Get todo %s"}
{"level":"info","message":"Get todo %s"}
{"level":"info","message":"Get todo %s"}
{"level":"info","message":"Loading Mongoose functionality"}
{"level":"info","message":"Mongoose connected to the database"}
{"level":"info","message":"Get todo %s"}
{"level":"info","message":"Loading Mongoose functionality"}
{"level":"info","message":"Mongoose connected to the database"}
{"level":"info","message":"Loading Mongoose functionality"}
{"level":"info","message":"Mongoose connected to the database"}
{"level":"info","message":"Loading Mongoose functionality"}
{"level":"info","message":"Mongoose connected to the database"}
{"level":"info","message":"Get todo %s"}
{"level":"info","message":"Get todo %s"}
{"level":"info","message":"Get todo %s"}
{"level":"info","message":"Get todo %s"}
{"level":"info","message":"Loading Mongoose functionality"}
{"level":"info","message":"Mongoose connected to the database"}
{"level":"info","message":"Get todo %s"}
{"level":"info","message":"Loading Mongoose functionality"}
{"level":"info","message":"Mongoose connected to the database"}
{"level":"info","message":"Get todo %s"}
{"level":"info","message":"Loading Mongoose functionality"}
{"level":"info","message":"Mongoose connected to the database"}
{"level":"info","message":"Get todo %s"}
{"level":"info","message":"Loading Mongoose functionality"}
{"level":"info","message":"Mongoose connected to the database"}
{"level":"info","message":"Get todo %s"}
{"level":"info","message":"Loading Mongoose functionality"}
{"level":"info","message":"Mongoose connected to the database"}
{"level":"info","message":"Get todo %s"}
{"level":"info","message":"Loading Mongoose functionality"}
{"level":"info","message":"Mongoose connected to the database"}
{"level":"info","message":"Get todo %s"}
{"level":"info","message":"Loading Mongoose functionality"}
{"level":"info","message":"Mongoose connected to the database"}
{"level":"info","message":"Get todo %s"}
{"level":"info","message":"Loading Mongoose functionality"}
{"level":"info","message":"Mongoose connected to the database"}
{"level":"info","message":"Get todo %s"}
{"level":"info","message":"Loading Mongoose functionality"}
{"level":"info","message":"Mongoose connected to the database"}
{"level":"info","message":"Loading Mongoose functionality"}
{"level":"info","message":"Mongoose connected to the database"}
{"level":"info","message":"Loading Mongoose functionality"}
{"level":"info","message":"Mongoose connected to the database"}
{"level":"info","message":"Get todo %s"}
{"level":"info","message":"Get todo %s"}
{"level":"info","message":"Get todo %s"}
{"level":"info","message":"Loading Mongoose functionality"}
{"level":"info","message":"Mongoose connected to the database"}
{"level":"info","message":"Get todo %s"}
{"level":"info","message":"Loading Mongoose functionality"}
{"level":"info","message":"Mongoose connected to the database"}
{"level":"info","message":"Get todo %s"}
{"level":"info","message":"Loading Mongoose functionality"}
{"level":"info","message":"Mongoose connected to the database"}
{"level":"info","message":"Get todo %s"}
{"level":"info","message":"Loading Mongoose functionality"}
{"level":"info","message":"Mongoose connected to the database"}
{"level":"info","message":"Get todo %s"}
{"level":"info","message":"Loading Mongoose functionality"}
{"level":"info","message":"Mongoose connected to the database"}
{"level":"info","message":"Get todo %s"}
{"level":"info","message":"Loading Mongoose functionality"}
{"level":"info","message":"Mongoose connected to the database"}
{"level":"info","message":"Get todo %s"}
{"level":"info","message":"Loading Mongoose functionality"}
{"level":"info","message":"Mongoose connected to the database"}
{"level":"info","message":"Get todo %s"}
{"level":"info","message":"Loading Mongoose functionality"}
{"level":"info","message":"Mongoose connected to the database"}
{"level":"info","message":"Get todo %s"}
{"level":"info","message":"Loading Mongoose functionality"}
{"level":"info","message":"Mongoose connected to the database"}
{"level":"info","message":"Get todo %s"}
{"level":"info","message":"Loading Mongoose functionality"}
{"level":"info","message":"Mongoose connected to the database"}
{"level":"info","message":"Get todo %s"}
{"level":"info","message":"Get todo %s"}
{"level":"info","message":"Loading Mongoose functionality"}
{"level":"info","message":"Mongoose connected to the database"}
{"level":"info","message":"Get todo %s"}
{"level":"info","message":"Loading Mongoose functionality"}
{"level":"info","message":"Mongoose connected to the database"}
{"level":"info","message":"Get todo %s"}
{"level":"info","message":"Get todo %s"}
{"level":"info","message":"Loading Mongoose functionality"}
{"level":"info","message":"Mongoose connected to the database"}
{"level":"info","message":"Loading Mongoose functionality"}
{"level":"info","message":"Mongoose connected to the database"}
{"level":"info","message":"Loading Mongoose functionality"}
{"level":"info","message":"Mongoose connected to the database"}
{"level":"info","message":"Get todo %s"}
{"level":"info","message":"Get todo %s"}
