{"level":"info","message":"Loading Mongoose functionality"}
{"level":"info","message":"Mongoose connected to the database"}
{"level":"info","message":"Loading Mongoose functionality"}
{"level":"info","message":"Mongoose connected to the database"}
{"level":"info","message":"Loading Mongoose functionality"}
{"level":"info","message":"Mongoose connected to the database"}
{"level":"info","message":"Get todo %s"}
{"level":"info","message":"Loading Mongoose functionality"}
{"level":"info","message":"Mongoose connected to the database"}
{"level":"info","message":"Create Todo"}
{"level":"info","message":"Get todo %s"}
{"level":"info","message":"Create Todo"}
{"level":"info","message":"Get todo %s"}
{"level":"info","message":"Get todo %s"}
{"level":"info","message":"Get todo %s"}
{"level":"info","message":"Get todo %s"}
{"level":"info","message":"Get todo %s"}
{"level":"info","message":"Get todo %s"}
{"level":"info","message":"Get todo %s"}
{"level":"info","message":"Delete todo 5dfd035bd96eee8e1e8711c9"}
{"level":"info","message":"Get todo %s"}
